Arguments: 
  /opt/homebrew/Cellar/node/20.0.0/bin/node /opt/homebrew/bin/yarn install

PATH: 
  /opt/homebrew/opt/bison/bin:/opt/homebrew/bin:/opt/homebrew/sbin:/usr/local/bin:/System/Cryptexes/App/usr/bin:/usr/bin:/bin:/usr/sbin:/sbin:/usr/local/share/dotnet:~/.dotnet/tools:/Library/Apple/usr/bin:/Users/thomasmarsh/Library/Application Support/JetBrains/Toolbox/scripts

Yarn version: 
  1.22.19

Node version: 
  20.0.0

Platform: 
  darwin arm64

Trace: 
  SyntaxError: /Users/thomasmarsh/repos/gridql/packages/root/package.json: Expected double-quoted property name in JSON at position 215
      at JSON.parse (<anonymous>)
      at /opt/homebrew/lib/node_modules/yarn/lib/cli.js:1629:59
      at Generator.next (<anonymous>)
      at step (/opt/homebrew/lib/node_modules/yarn/lib/cli.js:310:30)
      at /opt/homebrew/lib/node_modules/yarn/lib/cli.js:321:13

npm manifest: 
  {
    "name": "root",
    "version": "1.0.0",
    "main": "index.js",
    "license": "MIT",
    "scripts": {
      "build": "tsc",
      "start": "ts-node src/index.ts",
      "test": "mocha --loader=ts-node/esm --extension ts",
    },
    "devDependencies": {
      "@types/chai": "^4.3.4",
      "@types/mocha": "^10.0.1",
      "@types/node": "^18.15.11",
      "@types/sinon": "^10.0.14",
      "@types/graphql": "^14.5.0",
      "@types/mongodb": "^4.0.7",
      "chai": "^4.3.7",
      "esm": "^3.2.25",
      "mocha": "^10.2.0",
      "mongodb-memory-server": "^8.12.2",
      "sinon": "^15.0.4",
      "ts-node": "^10.9.1",
      "typescript": "^5.0.4"
    },
    "dependencies": {
      "graphql": "^16.6.0",
      "json-schema-to-typescript": "^12.0.0",
      "mongodb": "^5.3.0"
    }
  }

yarn manifest: 
  No manifest

Lockfile: 
  No lockfile
