0 silly argv {
0 silly argv   _: [ 'run' ],
0 silly argv   lernaVersion: '6.6.1',
0 silly argv   '$0': '/Users/tmarsh/Desktop/repos/gridql/node_modules/.bin/lerna',
0 silly argv   script: 'build'
0 silly argv }
1 notice cli v6.6.1
2 verbose rootPath /Users/tmarsh/Desktop/repos/gridql
3 error JSONError: Expected ',' or '}' after property value in JSON at position 366 while parsing '{  "name": "@tsmarsh/configuration",  ' in packages/configuration/package.json
3 error
3 error [0m [90m 14 |[39m     [32m"json-schema-to-typescript"[39m[33m:[39m [32m"^12.0.0"[39m[0m
3 error [0m [90m 15 |[39m   }[0m
3 error [0m[31m[1m>[22m[39m[90m 16 |[39m   [32m"gitHead"[39m[33m:[39m [32m"17fa4f7e80ed8581b507d36e332de793d7771551"[39m[0m
3 error [0m [90m    |[39m   [31m[1m^[22m[39m[0m
3 error [0m [90m 17 |[39m }[0m
3 error [0m [90m 18 |[39m[0m
3 error
3 error     at parseJson (/Users/tmarsh/Desktop/repos/gridql/node_modules/parse-json/index.js:29:21)
3 error     at parse (/Users/tmarsh/Desktop/repos/gridql/node_modules/load-json-file/index.js:15:9)
3 error     at module.exports (/Users/tmarsh/Desktop/repos/gridql/node_modules/load-json-file/index.js:18:47)
