Arguments: 
  /opt/homebrew/Cellar/node/19.6.0/bin/node /opt/homebrew/bin/yarn install

PATH: 
  /opt/homebrew/opt/openjdk/bin:/opt/homebrew/opt/openjdk/bin:/Library/Frameworks/Python.framework/Versions/3.11/bin:/opt/homebrew/bin:/opt/homebrew/sbin:/usr/local/bin:/System/Cryptexes/App/usr/bin:/usr/bin:/bin:/usr/sbin:/sbin:/opt/X11/bin:/Library/Apple/usr/bin

Yarn version: 
  1.22.19

Node version: 
  19.6.0

Platform: 
  darwin arm64

Trace: 
  SyntaxError: /Users/tmarsh/Desktop/repos/gridql/packages/server/package.json: Expected double-quoted property name in JSON at position 592
      at JSON.parse (<anonymous>)
      at /opt/homebrew/lib/node_modules/yarn/lib/cli.js:1629:59
      at Generator.next (<anonymous>)
      at step (/opt/homebrew/lib/node_modules/yarn/lib/cli.js:310:30)
      at /opt/homebrew/lib/node_modules/yarn/lib/cli.js:321:13

npm manifest: 
  {
    "name": "@tsmarsh/server",
    "version": "0.1.2",
    "description": "graphql server scaffolding",
    "main": "server.js",
    "types": "dist/index.d.ts",
    "author": "Tom Marsh",
    "license": "BSD",
    "private": false,
    "scripts": {
      "build": "tsc",
      "start": "node server.js",
      "test": "mocha",
      "gentypes": "json2ts -i schemas -o src/types"
    },
    "dependencies": {
      "express": "^4.18.2",
      "express-graphql": "^0.12.0",
      "graphql": "^16.6.0",
      "jsonschema": "^1.4.1",
      "mongodb": "^5.3.0",
      "@tsmarsh/root": "^0.1.2",
      "@tsmarsh/configuration": "^0.1.2",
    },
    "devDependencies": {
      "@types/chai": "^4.3.5",
      "@types/express": "^4.17.17",
      "@types/express-graphql": "^0.9.0",
      "@types/graphql": "^14.5.0",
      "@types/jsonschema": "^1.1.1",
      "@types/mocha": "^10.0.1",
      "@types/mongodb": "^4.0.7",
      "chai": "^4.3.7",
      "mocha": "^10.2.0",
      "mongodb-memory-server": "^8.12.2",
      "@tsmarsh/callgraph": "^0.1.2"
    },
    "gitHead": "17fa4f7e80ed8581b507d36e332de793d7771551"
  }

yarn manifest: 
  No manifest

Lockfile: 
  No lockfile
